[0.074s] Invoking command in '/home/jetson/ros2_ws/src/lane_detection/build/lane_detection': CMAKE_PREFIX_PATH=${CMAKE_PREFIX_PATH}:/opt/ros/foxy /usr/bin/cmake /home/jetson/ros2_ws/src/lane_detection -DCMAKE_INSTALL_PREFIX=/home/jetson/ros2_ws/src/lane_detection/install/lane_detection
[0.969s] -- The C compiler identification is GNU 8.4.0
[1.445s] -- The CXX compiler identification is GNU 8.4.0
[1.475s] -- Check for working C compiler: /usr/bin/cc
[1.757s] -- Check for working C compiler: /usr/bin/cc -- works
[1.762s] -- Detecting C compiler ABI info
[2.022s] -- Detecting C compiler ABI info - done
[2.074s] -- Detecting C compile features
[2.077s] -- Detecting C compile features - done
[2.090s] -- Check for working CXX compiler: /usr/bin/c++
[2.415s] -- Check for working CXX compiler: /usr/bin/c++ -- works
[2.422s] -- Detecting CXX compiler ABI info
[2.720s] -- Detecting CXX compiler ABI info - done
[2.776s] -- Detecting CXX compile features
[2.779s] -- Detecting CXX compile features - done
[6.414s] -- The CUDA compiler identification is NVIDIA 10.2.300
[6.556s] -- Check for working CUDA compiler: /usr/local/cuda/bin/nvcc
[9.127s] -- Check for working CUDA compiler: /usr/local/cuda/bin/nvcc -- works
[9.132s] -- Detecting CUDA compiler ABI info
[11.338s] -- Detecting CUDA compiler ABI info - done
[11.498s] -- Found ament_cmake: 0.9.12 (/opt/ros/foxy/share/ament_cmake/cmake)
[11.644s] -- Found PythonInterp: /usr/bin/python3 (found suitable version "3.8.10", minimum required is "3") 
[11.645s] -- Using PYTHON_EXECUTABLE: /usr/bin/python3
[13.293s] -- Found rclcpp: 2.4.3 (/opt/ros/foxy/share/rclcpp/cmake)
[13.786s] -- Using all available rosidl_typesupport_c: rosidl_typesupport_fastrtps_c;rosidl_typesupport_introspection_c
[13.918s] -- Found rosidl_adapter: 1.3.1 (/opt/ros/foxy/share/rosidl_adapter/cmake)
[14.996s] -- Found OpenSSL: /usr/lib/aarch64-linux-gnu/libcrypto.so (found version "1.1.1f")  
[15.128s] -- Found FastRTPS: /opt/ros/foxy/include  
[15.564s] -- Using all available rosidl_typesupport_cpp: rosidl_typesupport_fastrtps_cpp;rosidl_typesupport_introspection_cpp
[15.910s] -- Found rmw_implementation_cmake: 1.0.4 (/opt/ros/foxy/share/rmw_implementation_cmake/cmake)
[15.919s] -- Using RMW implementation 'rmw_fastrtps_cpp' as default
[15.925s] -- Looking for pthread.h
[16.243s] -- Looking for pthread.h - found
[16.248s] -- Performing Test CMAKE_HAVE_LIBC_PTHREAD
[16.530s] -- Performing Test CMAKE_HAVE_LIBC_PTHREAD - Failed
[16.533s] -- Looking for pthread_create in pthreads
[16.795s] -- Looking for pthread_create in pthreads - not found
[16.796s] -- Looking for pthread_create in pthread
[17.087s] -- Looking for pthread_create in pthread - found
[17.091s] -- Found Threads: TRUE  
[17.962s] -- Found sensor_msgs: 2.0.5 (/opt/ros/foxy/share/sensor_msgs/cmake)
[18.587s] -- Found cv_bridge: 3.0.7 (/opt/ros/foxy/share/cv_bridge/cmake)
[18.700s] -- Found CUDA: /usr/local/cuda (found suitable exact version "10.2") 
[18.888s] CMake Error at /usr/share/cmake-3.16/Modules/FindPackageHandleStandardArgs.cmake:146 (message):
[18.889s]   Could NOT find OpenCV (missing: cudafeatures2d cudaimgproc) (found suitable
[18.889s]   version "4.2.0", minimum required is "4.2")
[18.890s] Call Stack (most recent call first):
[18.890s]   /usr/share/cmake-3.16/Modules/FindPackageHandleStandardArgs.cmake:393 (_FPHSA_FAILURE_MESSAGE)
[18.890s]   /usr/lib/aarch64-linux-gnu/cmake/opencv4/OpenCVConfig.cmake:328 (find_package_handle_standard_args)
[18.891s]   CMakeLists.txt:31 (find_package)
[18.891s] 
[18.892s] 
[18.904s] -- Configuring incomplete, errors occurred!
[18.904s] See also "/home/jetson/ros2_ws/src/lane_detection/build/lane_detection/CMakeFiles/CMakeOutput.log".
[18.905s] See also "/home/jetson/ros2_ws/src/lane_detection/build/lane_detection/CMakeFiles/CMakeError.log".
[18.948s] Invoked command in '/home/jetson/ros2_ws/src/lane_detection/build/lane_detection' returned '1': CMAKE_PREFIX_PATH=${CMAKE_PREFIX_PATH}:/opt/ros/foxy /usr/bin/cmake /home/jetson/ros2_ws/src/lane_detection -DCMAKE_INSTALL_PREFIX=/home/jetson/ros2_ws/src/lane_detection/install/lane_detection
