[0.034s] Invoking command in '/home/jetson/ros2_ws/src/lane_detection/build/lane_detection': /usr/bin/cmake /home/jetson/ros2_ws/src/lane_detection -DCMAKE_INSTALL_PREFIX=/home/jetson/ros2_ws/src/lane_detection/install/lane_detection
[0.136s] -- Found ament_cmake: 0.9.12 (/opt/ros/foxy/share/ament_cmake/cmake)
[0.246s] -- Using PYTHON_EXECUTABLE: /usr/bin/python3
[1.188s] Traceback (most recent call last):
[1.189s]   File "/opt/ros/foxy/share/ament_cmake_core/cmake/package_templates/templates_2_cmake.py", line 21, in <module>
[1.189s]     from ament_package.templates import get_environment_hook_template_path
[1.190s] ModuleNotFoundError: No module named 'ament_package'
[1.315s] CMake Error at /opt/ros/foxy/share/ament_cmake_core/cmake/ament_cmake_package_templates-extras.cmake:41 (message):
[1.315s]   execute_process(/usr/bin/python3
[1.316s]   /opt/ros/foxy/share/ament_cmake_core/cmake/package_templates/templates_2_cmake.py
[1.316s]   /home/jetson/ros2_ws/src/lane_detection/build/lane_detection/ament_cmake_package_templates/templates.cmake)
[1.317s]   returned error code 1
[1.317s] Call Stack (most recent call first):
[1.318s]   /opt/ros/foxy/share/ament_cmake_core/cmake/ament_cmake_coreConfig.cmake:41 (include)
[1.318s]   /opt/ros/foxy/share/ament_cmake/cmake/ament_cmake_export_dependencies-extras.cmake:15 (find_package)
[1.318s]   /opt/ros/foxy/share/ament_cmake/cmake/ament_cmakeConfig.cmake:41 (include)
[1.319s]   CMakeLists.txt:20 (find_package)
[1.319s] 
[1.320s] 
[1.321s] -- Configuring incomplete, errors occurred!
[1.321s] See also "/home/jetson/ros2_ws/src/lane_detection/build/lane_detection/CMakeFiles/CMakeOutput.log".
[1.322s] See also "/home/jetson/ros2_ws/src/lane_detection/build/lane_detection/CMakeFiles/CMakeError.log".
[1.333s] Invoked command in '/home/jetson/ros2_ws/src/lane_detection/build/lane_detection' returned '1': /usr/bin/cmake /home/jetson/ros2_ws/src/lane_detection -DCMAKE_INSTALL_PREFIX=/home/jetson/ros2_ws/src/lane_detection/install/lane_detection
