[0.972s] DEBUG:colcon:Command line arguments: ['/usr/bin/colcon', 'build']
[0.973s] DEBUG:colcon:Parsed command line arguments: Namespace(allow_overriding=[], ament_cmake_args=None, base_paths=['.'], build_base='build', catkin_cmake_args=None, catkin_skip_building_tests=False, cmake_args=None, cmake_clean_cache=False, cmake_clean_first=False, cmake_force_configure=False, cmake_target=None, cmake_target_skip_unavailable=False, continue_on_error=False, event_handlers=None, executor='parallel', ignore_user_meta=False, install_base='install', log_base=None, log_level=None, main=<bound method BuildVerb.main of <colcon_core.verb.build.BuildVerb object at 0x7fa29b63a0>>, merge_install=False, metas=['./colcon.meta'], packages_above=None, packages_above_and_dependencies=None, packages_above_depth=None, packages_end=None, packages_ignore=None, packages_ignore_regex=None, packages_select=None, packages_select_build_failed=False, packages_select_by_dep=None, packages_select_regex=None, packages_select_test_failures=False, packages_skip=None, packages_skip_build_finished=False, packages_skip_by_dep=None, packages_skip_regex=None, packages_skip_test_passed=False, packages_skip_up_to=None, packages_start=None, packages_up_to=None, packages_up_to_regex=None, parallel_workers=4, paths=None, symlink_install=False, test_result_base=None, verb_extension=<colcon_core.verb.build.BuildVerb object at 0x7fa29b63a0>, verb_name='build', verb_parser=<colcon_defaults.argument_parser.defaults.DefaultArgumentsDecorator object at 0x7fa2901040>)
[2.227s] Level 1:colcon.colcon_core.package_discovery:discover_packages(colcon_meta) check parameters
[2.227s] Level 1:colcon.colcon_core.package_discovery:discover_packages(recursive) check parameters
[2.228s] Level 1:colcon.colcon_core.package_discovery:discover_packages(ignore) check parameters
[2.228s] Level 1:colcon.colcon_core.package_discovery:discover_packages(path) check parameters
[2.228s] Level 1:colcon.colcon_core.package_discovery:discover_packages(colcon_meta) discover
[2.228s] Level 1:colcon.colcon_core.package_discovery:discover_packages(recursive) discover
[2.229s] INFO:colcon.colcon_core.package_discovery:Crawling recursively for packages in '/home/jetson/ros2_ws/src/lane_detection'
[2.229s] Level 1:colcon.colcon_core.package_identification:_identify(.) by extensions ['ignore', 'ignore_ament_install']
[2.230s] Level 1:colcon.colcon_core.package_identification:_identify(.) by extension 'ignore'
[2.230s] Level 1:colcon.colcon_core.package_identification:_identify(.) by extension 'ignore_ament_install'
[2.230s] Level 1:colcon.colcon_core.package_identification:_identify(.) by extensions ['colcon_pkg']
[2.231s] Level 1:colcon.colcon_core.package_identification:_identify(.) by extension 'colcon_pkg'
[2.231s] Level 1:colcon.colcon_core.package_identification:_identify(.) by extensions ['colcon_meta']
[2.231s] Level 1:colcon.colcon_core.package_identification:_identify(.) by extension 'colcon_meta'
[2.231s] Level 1:colcon.colcon_core.package_identification:_identify(.) by extensions ['ros']
[2.232s] Level 1:colcon.colcon_core.package_identification:_identify(.) by extension 'ros'
[2.304s] DEBUG:colcon.colcon_core.package_identification:Package '.' with type 'ros.ament_cmake' and name 'lane_detection'
[2.304s] Level 1:colcon.colcon_core.package_discovery:discover_packages(recursive) using defaults
[2.304s] Level 1:colcon.colcon_core.package_discovery:discover_packages(ignore) discover
[2.305s] Level 1:colcon.colcon_core.package_discovery:discover_packages(ignore) using defaults
[2.305s] Level 1:colcon.colcon_core.package_discovery:discover_packages(path) discover
[2.305s] Level 1:colcon.colcon_core.package_discovery:discover_packages(path) using defaults
[2.449s] Level 1:colcon.colcon_core.package_discovery:discover_packages(prefix_path) check parameters
[2.450s] Level 1:colcon.colcon_core.package_discovery:discover_packages(prefix_path) discover
[2.455s] Level 1:colcon.colcon_core.package_discovery:discover_packages(prefix_path) using defaults
[2.462s] Level 5:colcon.colcon_core.verb:set package 'lane_detection' build argument 'cmake_args' from command line to 'None'
[2.462s] Level 5:colcon.colcon_core.verb:set package 'lane_detection' build argument 'cmake_target' from command line to 'None'
[2.463s] Level 5:colcon.colcon_core.verb:set package 'lane_detection' build argument 'cmake_target_skip_unavailable' from command line to 'False'
[2.463s] Level 5:colcon.colcon_core.verb:set package 'lane_detection' build argument 'cmake_clean_cache' from command line to 'False'
[2.463s] Level 5:colcon.colcon_core.verb:set package 'lane_detection' build argument 'cmake_clean_first' from command line to 'False'
[2.463s] Level 5:colcon.colcon_core.verb:set package 'lane_detection' build argument 'cmake_force_configure' from command line to 'False'
[2.464s] Level 5:colcon.colcon_core.verb:set package 'lane_detection' build argument 'ament_cmake_args' from command line to 'None'
[2.464s] Level 5:colcon.colcon_core.verb:set package 'lane_detection' build argument 'catkin_cmake_args' from command line to 'None'
[2.464s] Level 5:colcon.colcon_core.verb:set package 'lane_detection' build argument 'catkin_skip_building_tests' from command line to 'False'
[2.464s] DEBUG:colcon.colcon_core.verb:Building package 'lane_detection' with the following arguments: {'ament_cmake_args': None, 'build_base': '/home/jetson/ros2_ws/src/lane_detection/build/lane_detection', 'catkin_cmake_args': None, 'catkin_skip_building_tests': False, 'cmake_args': None, 'cmake_clean_cache': False, 'cmake_clean_first': False, 'cmake_force_configure': False, 'cmake_target': None, 'cmake_target_skip_unavailable': False, 'install_base': '/home/jetson/ros2_ws/src/lane_detection/install/lane_detection', 'merge_install': False, 'path': '/home/jetson/ros2_ws/src/lane_detection', 'symlink_install': False, 'test_result_base': None}
[2.465s] INFO:colcon.colcon_core.executor:Executing jobs using 'parallel' executor
[2.470s] DEBUG:colcon.colcon_parallel_executor.executor.parallel:run_until_complete
[2.471s] INFO:colcon.colcon_ros.task.ament_cmake.build:Building ROS package in '/home/jetson/ros2_ws/src/lane_detection' with build type 'ament_cmake'
[2.472s] INFO:colcon.colcon_cmake.task.cmake.build:Building CMake package in '/home/jetson/ros2_ws/src/lane_detection'
[2.481s] INFO:colcon.colcon_core.plugin_system:Skipping extension 'colcon_core.shell.bat': Not used on non-Windows systems
[2.482s] INFO:colcon.colcon_core.shell:Skip shell extension 'powershell' for command environment: Not usable outside of PowerShell
[2.483s] DEBUG:colcon.colcon_core.shell:Skip shell extension 'dsv' for command environment
[2.522s] DEBUG:colcon.colcon_core.event_handler.log_command:Invoking command in '/home/jetson/ros2_ws/src/lane_detection/build/lane_detection': /usr/bin/cmake /home/jetson/ros2_ws/src/lane_detection -DCMAKE_INSTALL_PREFIX=/home/jetson/ros2_ws/src/lane_detection/install/lane_detection
[3.821s] DEBUG:colcon.colcon_core.event_handler.log_command:Invoked command in '/home/jetson/ros2_ws/src/lane_detection/build/lane_detection' returned '1': /usr/bin/cmake /home/jetson/ros2_ws/src/lane_detection -DCMAKE_INSTALL_PREFIX=/home/jetson/ros2_ws/src/lane_detection/install/lane_detection
[3.896s] Level 1:colcon.colcon_core.environment:create_environment_scripts_only(lane_detection)
[3.914s] Level 1:colcon.colcon_core.environment:checking '/home/jetson/ros2_ws/src/lane_detection/install/lane_detection' for CMake module files
[3.928s] Level 1:colcon.colcon_core.environment:checking '/home/jetson/ros2_ws/src/lane_detection/install/lane_detection' for CMake config files
[3.931s] Level 1:colcon.colcon_core.environment:checking '/home/jetson/ros2_ws/src/lane_detection/install/lane_detection/bin'
[3.931s] Level 1:colcon.colcon_core.environment:checking '/home/jetson/ros2_ws/src/lane_detection/install/lane_detection/lib/pkgconfig/lane_detection.pc'
[3.941s] Level 1:colcon.colcon_core.environment:checking '/home/jetson/ros2_ws/src/lane_detection/install/lane_detection/lib/python3.8/site-packages'
[3.943s] Level 1:colcon.colcon_core.environment:checking '/home/jetson/ros2_ws/src/lane_detection/install/lane_detection/bin'
[3.944s] INFO:colcon.colcon_core.shell:Creating package script '/home/jetson/ros2_ws/src/lane_detection/install/lane_detection/share/lane_detection/package.ps1'
[3.950s] INFO:colcon.colcon_core.shell:Creating package descriptor '/home/jetson/ros2_ws/src/lane_detection/install/lane_detection/share/lane_detection/package.dsv'
[3.953s] INFO:colcon.colcon_core.shell:Creating package script '/home/jetson/ros2_ws/src/lane_detection/install/lane_detection/share/lane_detection/package.sh'
[3.957s] INFO:colcon.colcon_core.shell:Creating package script '/home/jetson/ros2_ws/src/lane_detection/install/lane_detection/share/lane_detection/package.bash'
[3.961s] INFO:colcon.colcon_core.shell:Creating package script '/home/jetson/ros2_ws/src/lane_detection/install/lane_detection/share/lane_detection/package.zsh'
[3.966s] Level 1:colcon.colcon_core.environment:create_file_with_runtime_dependencies(/home/jetson/ros2_ws/src/lane_detection/install/lane_detection/share/colcon-core/packages/lane_detection)
[3.972s] DEBUG:colcon.colcon_parallel_executor.executor.parallel:closing loop
[3.973s] DEBUG:colcon.colcon_parallel_executor.executor.parallel:loop closed
[3.974s] DEBUG:colcon.colcon_parallel_executor.executor.parallel:run_until_complete finished with '1'
[3.974s] DEBUG:colcon.colcon_core.event_reactor:joining thread
[3.998s] INFO:colcon.colcon_core.plugin_system:Skipping extension 'colcon_notification.desktop_notification.terminal_notifier': Not used on non-Darwin systems
[3.999s] INFO:colcon.colcon_core.plugin_system:Skipping extension 'colcon_notification.desktop_notification.win32': Not used on non-Windows systems
[3.999s] INFO:colcon.colcon_notification.desktop_notification:Sending desktop notification using 'notify2'
[4.305s] DEBUG:colcon.colcon_core.event_reactor:joined thread
[4.307s] INFO:colcon.colcon_core.shell:Creating prefix script '/home/jetson/ros2_ws/src/lane_detection/install/local_setup.ps1'
[4.314s] INFO:colcon.colcon_core.shell:Creating prefix util module '/home/jetson/ros2_ws/src/lane_detection/install/_local_setup_util_ps1.py'
[4.321s] INFO:colcon.colcon_core.shell:Creating prefix chain script '/home/jetson/ros2_ws/src/lane_detection/install/setup.ps1'
[4.325s] INFO:colcon.colcon_core.shell:Creating prefix script '/home/jetson/ros2_ws/src/lane_detection/install/local_setup.sh'
[4.328s] INFO:colcon.colcon_core.shell:Creating prefix util module '/home/jetson/ros2_ws/src/lane_detection/install/_local_setup_util_sh.py'
[4.331s] INFO:colcon.colcon_core.shell:Creating prefix chain script '/home/jetson/ros2_ws/src/lane_detection/install/setup.sh'
[4.336s] INFO:colcon.colcon_core.shell:Creating prefix script '/home/jetson/ros2_ws/src/lane_detection/install/local_setup.bash'
[4.338s] INFO:colcon.colcon_core.shell:Creating prefix chain script '/home/jetson/ros2_ws/src/lane_detection/install/setup.bash'
[4.343s] INFO:colcon.colcon_core.shell:Creating prefix script '/home/jetson/ros2_ws/src/lane_detection/install/local_setup.zsh'
[4.346s] INFO:colcon.colcon_core.shell:Creating prefix chain script '/home/jetson/ros2_ws/src/lane_detection/install/setup.zsh'
