[2.213s] DEBUG:colcon:Command line arguments: ['/usr/bin/colcon', 'build']
[2.213s] DEBUG:colcon:Parsed command line arguments: Namespace(allow_overriding=[], ament_cmake_args=None, base_paths=['.'], build_base='build', catkin_cmake_args=None, catkin_skip_building_tests=False, cmake_args=None, cmake_clean_cache=False, cmake_clean_first=False, cmake_force_configure=False, cmake_target=None, cmake_target_skip_unavailable=False, continue_on_error=False, event_handlers=None, executor='parallel', ignore_user_meta=False, install_base='install', log_base=None, log_level=None, main=<bound method BuildVerb.main of <colcon_core.verb.build.BuildVerb object at 0x7f86e73250>>, merge_install=False, metas=['./colcon.meta'], packages_above=None, packages_above_and_dependencies=None, packages_above_depth=None, packages_end=None, packages_ignore=None, packages_ignore_regex=None, packages_select=None, packages_select_build_failed=False, packages_select_by_dep=None, packages_select_regex=None, packages_select_test_failures=False, packages_skip=None, packages_skip_build_finished=False, packages_skip_by_dep=None, packages_skip_regex=None, packages_skip_test_passed=False, packages_skip_up_to=None, packages_start=None, packages_up_to=None, packages_up_to_regex=None, parallel_workers=4, paths=None, symlink_install=False, test_result_base=None, verb_extension=<colcon_core.verb.build.BuildVerb object at 0x7f86e73250>, verb_name='build', verb_parser=<colcon_defaults.argument_parser.defaults.DefaultArgumentsDecorator object at 0x7f86e02550>)
[2.645s] Level 1:colcon.colcon_core.package_discovery:discover_packages(colcon_meta) check parameters
[2.646s] Level 1:colcon.colcon_core.package_discovery:discover_packages(recursive) check parameters
[2.646s] Level 1:colcon.colcon_core.package_discovery:discover_packages(ignore) check parameters
[2.646s] Level 1:colcon.colcon_core.package_discovery:discover_packages(path) check parameters
[2.646s] Level 1:colcon.colcon_core.package_discovery:discover_packages(colcon_meta) discover
[2.647s] Level 1:colcon.colcon_core.package_discovery:discover_packages(recursive) discover
[2.647s] INFO:colcon.colcon_core.package_discovery:Crawling recursively for packages in '/home/jetson/ros2_ws/src/lane_detection'
[2.647s] Level 1:colcon.colcon_core.package_identification:_identify(.) by extensions ['ignore', 'ignore_ament_install']
[2.648s] Level 1:colcon.colcon_core.package_identification:_identify(.) by extension 'ignore'
[2.648s] Level 1:colcon.colcon_core.package_identification:_identify(.) by extension 'ignore_ament_install'
[2.649s] Level 1:colcon.colcon_core.package_identification:_identify(.) by extensions ['colcon_pkg']
[2.649s] Level 1:colcon.colcon_core.package_identification:_identify(.) by extension 'colcon_pkg'
[2.649s] Level 1:colcon.colcon_core.package_identification:_identify(.) by extensions ['colcon_meta']
[2.649s] Level 1:colcon.colcon_core.package_identification:_identify(.) by extension 'colcon_meta'
[2.650s] Level 1:colcon.colcon_core.package_identification:_identify(.) by extensions ['ros']
[2.650s] Level 1:colcon.colcon_core.package_identification:_identify(.) by extension 'ros'
[2.695s] DEBUG:colcon.colcon_core.package_identification:Package '.' with type 'ros.ament_cmake' and name 'lane_detection'
[2.695s] Level 1:colcon.colcon_core.package_discovery:discover_packages(recursive) using defaults
[2.695s] Level 1:colcon.colcon_core.package_discovery:discover_packages(ignore) discover
[2.695s] Level 1:colcon.colcon_core.package_discovery:discover_packages(ignore) using defaults
[2.696s] Level 1:colcon.colcon_core.package_discovery:discover_packages(path) discover
[2.696s] Level 1:colcon.colcon_core.package_discovery:discover_packages(path) using defaults
[2.840s] Level 1:colcon.colcon_core.package_discovery:discover_packages(prefix_path) check parameters
[2.840s] Level 1:colcon.colcon_core.package_discovery:discover_packages(prefix_path) discover
[2.862s] DEBUG:colcon.colcon_installed_package_information.package_discovery:Found 1 installed packages in /home/jetson/ros2_ws/install
[2.874s] DEBUG:colcon.colcon_installed_package_information.package_discovery:Found 275 installed packages in /opt/ros/foxy
[2.886s] Level 1:colcon.colcon_core.package_discovery:discover_packages(prefix_path) using defaults
[3.446s] Level 5:colcon.colcon_core.verb:set package 'lane_detection' build argument 'cmake_args' from command line to 'None'
[3.446s] Level 5:colcon.colcon_core.verb:set package 'lane_detection' build argument 'cmake_target' from command line to 'None'
[3.446s] Level 5:colcon.colcon_core.verb:set package 'lane_detection' build argument 'cmake_target_skip_unavailable' from command line to 'False'
[3.446s] Level 5:colcon.colcon_core.verb:set package 'lane_detection' build argument 'cmake_clean_cache' from command line to 'False'
[3.447s] Level 5:colcon.colcon_core.verb:set package 'lane_detection' build argument 'cmake_clean_first' from command line to 'False'
[3.447s] Level 5:colcon.colcon_core.verb:set package 'lane_detection' build argument 'cmake_force_configure' from command line to 'False'
[3.447s] Level 5:colcon.colcon_core.verb:set package 'lane_detection' build argument 'ament_cmake_args' from command line to 'None'
[3.447s] Level 5:colcon.colcon_core.verb:set package 'lane_detection' build argument 'catkin_cmake_args' from command line to 'None'
[3.447s] Level 5:colcon.colcon_core.verb:set package 'lane_detection' build argument 'catkin_skip_building_tests' from command line to 'False'
[3.447s] DEBUG:colcon.colcon_core.verb:Building package 'lane_detection' with the following arguments: {'ament_cmake_args': None, 'build_base': '/home/jetson/ros2_ws/src/lane_detection/build/lane_detection', 'catkin_cmake_args': None, 'catkin_skip_building_tests': False, 'cmake_args': None, 'cmake_clean_cache': False, 'cmake_clean_first': False, 'cmake_force_configure': False, 'cmake_target': None, 'cmake_target_skip_unavailable': False, 'install_base': '/home/jetson/ros2_ws/src/lane_detection/install/lane_detection', 'merge_install': False, 'path': '/home/jetson/ros2_ws/src/lane_detection', 'symlink_install': False, 'test_result_base': None}
[3.448s] INFO:colcon.colcon_core.executor:Executing jobs using 'parallel' executor
[3.453s] DEBUG:colcon.colcon_parallel_executor.executor.parallel:run_until_complete
[3.454s] INFO:colcon.colcon_ros.task.ament_cmake.build:Building ROS package in '/home/jetson/ros2_ws/src/lane_detection' with build type 'ament_cmake'
[3.455s] INFO:colcon.colcon_cmake.task.cmake.build:Building CMake package in '/home/jetson/ros2_ws/src/lane_detection'
[3.477s] INFO:colcon.colcon_core.plugin_system:Skipping extension 'colcon_core.shell.bat': Not used on non-Windows systems
[3.478s] INFO:colcon.colcon_core.shell:Skip shell extension 'powershell' for command environment: Not usable outside of PowerShell
[3.478s] DEBUG:colcon.colcon_core.shell:Skip shell extension 'dsv' for command environment
[3.529s] DEBUG:colcon.colcon_core.event_handler.log_command:Invoking command in '/home/jetson/ros2_ws/src/lane_detection/build/lane_detection': CMAKE_PREFIX_PATH=${CMAKE_PREFIX_PATH}:/opt/ros/foxy /usr/bin/cmake /home/jetson/ros2_ws/src/lane_detection -DCMAKE_INSTALL_PREFIX=/home/jetson/ros2_ws/src/lane_detection/install/lane_detection
[22.403s] DEBUG:colcon.colcon_core.event_handler.log_command:Invoked command in '/home/jetson/ros2_ws/src/lane_detection/build/lane_detection' returned '1': CMAKE_PREFIX_PATH=${CMAKE_PREFIX_PATH}:/opt/ros/foxy /usr/bin/cmake /home/jetson/ros2_ws/src/lane_detection -DCMAKE_INSTALL_PREFIX=/home/jetson/ros2_ws/src/lane_detection/install/lane_detection
[22.446s] Level 1:colcon.colcon_core.environment:create_environment_scripts_only(lane_detection)
[22.470s] Level 1:colcon.colcon_core.environment:checking '/home/jetson/ros2_ws/src/lane_detection/install/lane_detection' for CMake module files
[22.473s] Level 1:colcon.colcon_core.environment:checking '/home/jetson/ros2_ws/src/lane_detection/install/lane_detection' for CMake config files
[22.475s] Level 1:colcon.colcon_core.environment:checking '/home/jetson/ros2_ws/src/lane_detection/install/lane_detection/bin'
[22.476s] Level 1:colcon.colcon_core.environment:checking '/home/jetson/ros2_ws/src/lane_detection/install/lane_detection/lib/pkgconfig/lane_detection.pc'
[22.477s] Level 1:colcon.colcon_core.environment:checking '/home/jetson/ros2_ws/src/lane_detection/install/lane_detection/lib/python3.8/site-packages'
[22.478s] Level 1:colcon.colcon_core.environment:checking '/home/jetson/ros2_ws/src/lane_detection/install/lane_detection/bin'
[22.479s] INFO:colcon.colcon_core.shell:Creating package script '/home/jetson/ros2_ws/src/lane_detection/install/lane_detection/share/lane_detection/package.ps1'
[22.484s] INFO:colcon.colcon_core.shell:Creating package descriptor '/home/jetson/ros2_ws/src/lane_detection/install/lane_detection/share/lane_detection/package.dsv'
[22.487s] INFO:colcon.colcon_core.shell:Creating package script '/home/jetson/ros2_ws/src/lane_detection/install/lane_detection/share/lane_detection/package.sh'
[22.491s] INFO:colcon.colcon_core.shell:Creating package script '/home/jetson/ros2_ws/src/lane_detection/install/lane_detection/share/lane_detection/package.bash'
[22.496s] INFO:colcon.colcon_core.shell:Creating package script '/home/jetson/ros2_ws/src/lane_detection/install/lane_detection/share/lane_detection/package.zsh'
[22.500s] Level 1:colcon.colcon_core.environment:create_file_with_runtime_dependencies(/home/jetson/ros2_ws/src/lane_detection/install/lane_detection/share/colcon-core/packages/lane_detection)
[22.512s] DEBUG:colcon.colcon_parallel_executor.executor.parallel:closing loop
[22.512s] DEBUG:colcon.colcon_parallel_executor.executor.parallel:loop closed
[22.513s] DEBUG:colcon.colcon_parallel_executor.executor.parallel:run_until_complete finished with '1'
[22.513s] DEBUG:colcon.colcon_core.event_reactor:joining thread
[22.566s] INFO:colcon.colcon_core.plugin_system:Skipping extension 'colcon_notification.desktop_notification.terminal_notifier': Not used on non-Darwin systems
[22.566s] INFO:colcon.colcon_core.plugin_system:Skipping extension 'colcon_notification.desktop_notification.win32': Not used on non-Windows systems
[22.566s] INFO:colcon.colcon_notification.desktop_notification:Sending desktop notification using 'notify2'
[22.709s] DEBUG:colcon.colcon_core.event_reactor:joined thread
[22.710s] INFO:colcon.colcon_core.shell:Creating prefix script '/home/jetson/ros2_ws/src/lane_detection/install/local_setup.ps1'
[22.716s] INFO:colcon.colcon_core.shell:Creating prefix util module '/home/jetson/ros2_ws/src/lane_detection/install/_local_setup_util_ps1.py'
[22.724s] INFO:colcon.colcon_core.shell:Creating prefix chain script '/home/jetson/ros2_ws/src/lane_detection/install/setup.ps1'
[22.731s] INFO:colcon.colcon_core.shell:Creating prefix script '/home/jetson/ros2_ws/src/lane_detection/install/local_setup.sh'
[22.735s] INFO:colcon.colcon_core.shell:Creating prefix util module '/home/jetson/ros2_ws/src/lane_detection/install/_local_setup_util_sh.py'
[22.739s] INFO:colcon.colcon_core.shell:Creating prefix chain script '/home/jetson/ros2_ws/src/lane_detection/install/setup.sh'
[22.745s] INFO:colcon.colcon_core.shell:Creating prefix script '/home/jetson/ros2_ws/src/lane_detection/install/local_setup.bash'
[22.748s] INFO:colcon.colcon_core.shell:Creating prefix chain script '/home/jetson/ros2_ws/src/lane_detection/install/setup.bash'
[22.753s] INFO:colcon.colcon_core.shell:Creating prefix script '/home/jetson/ros2_ws/src/lane_detection/install/local_setup.zsh'
[22.756s] INFO:colcon.colcon_core.shell:Creating prefix chain script '/home/jetson/ros2_ws/src/lane_detection/install/setup.zsh'
